Using pre-set license
Built from '2021.3/staging' branch; Version is '2021.3.11f1 (0a5ca18544bf) revision 679073'; Using compiler version '192829333'; Build Type 'Release'
OS: 'Windows 10  (10.0.19044) 64bit Core' Language: 'sr' Physical Memory: 7542 MB
BatchMode: 1, IsHumanControllingUs: 0, StartBugReporterOnCrash: 0, Is64bit: 1, IsPro: 1

COMMAND LINE ARGUMENTS:
C:\Program Files\Unity\Hub\Editor\2021.3.11f1\Editor\Unity.exe
-adb2
-batchMode
-noUpm
-name
AssetImportWorker3
-projectPath
C:/Users/renat/UnityProjects/mortar-simulation/MortarSimulation
-logFile
Logs/AssetImportWorker3.log
-srvPort
61794
Successfully changed project path to: C:/Users/renat/UnityProjects/mortar-simulation/MortarSimulation
C:/Users/renat/UnityProjects/mortar-simulation/MortarSimulation
[UnityMemory] Configuration Parameters - Can be set up in boot.config
    "memorysetup-bucket-allocator-granularity=16"
    "memorysetup-bucket-allocator-bucket-count=8"
    "memorysetup-bucket-allocator-block-size=33554432"
    "memorysetup-bucket-allocator-block-count=8"
    "memorysetup-main-allocator-block-size=16777216"
    "memorysetup-thread-allocator-block-size=16777216"
    "memorysetup-gfx-main-allocator-block-size=16777216"
    "memorysetup-gfx-thread-allocator-block-size=16777216"
    "memorysetup-cache-allocator-block-size=4194304"
    "memorysetup-typetree-allocator-block-size=2097152"
    "memorysetup-profiler-bucket-allocator-granularity=16"
    "memorysetup-profiler-bucket-allocator-bucket-count=8"
    "memorysetup-profiler-bucket-allocator-block-size=33554432"
    "memorysetup-profiler-bucket-allocator-block-count=8"
    "memorysetup-profiler-allocator-block-size=16777216"
    "memorysetup-profiler-editor-allocator-block-size=1048576"
    "memorysetup-temp-allocator-size-main=16777216"
    "memorysetup-job-temp-allocator-block-size=2097152"
    "memorysetup-job-temp-allocator-block-size-background=1048576"
    "memorysetup-job-temp-allocator-reduction-small-platforms=262144"
    "memorysetup-temp-allocator-size-background-worker=32768"
    "memorysetup-temp-allocator-size-job-worker=262144"
    "memorysetup-temp-allocator-size-preload-manager=33554432"
    "memorysetup-temp-allocator-size-nav-mesh-worker=65536"
    "memorysetup-temp-allocator-size-audio-worker=65536"
    "memorysetup-temp-allocator-size-cloud-worker=32768"
    "memorysetup-temp-allocator-size-gi-baking-worker=262144"
    "memorysetup-temp-allocator-size-gfx=262144"
Refreshing native plugins compatible for Editor in 81.03 ms, found 3 plugins.
Preloading 0 native plugins for Editor in 0.00 ms.
Initialize engine version: 2021.3.11f1 (0a5ca18544bf)
[Subsystems] Discovering subsystems at path C:/Program Files/Unity/Hub/Editor/2021.3.11f1/Editor/Data/Resources/UnitySubsystems
[Subsystems] Discovering subsystems at path C:/Users/renat/UnityProjects/mortar-simulation/MortarSimulation/Assets
GfxDevice: creating device client; threaded=0; jobified=0
Direct3D:
    Version:  Direct3D 11.0 [level 11.1]
    Renderer: AMD Radeon(TM) Graphics (ID=0x1636)
    Vendor:   ATI
    VRAM:     3771 MB
    Driver:   27.20.11028.10001
Initialize mono
Mono path[0] = 'C:/Program Files/Unity/Hub/Editor/2021.3.11f1/Editor/Data/Managed'
Mono path[1] = 'C:/Program Files/Unity/Hub/Editor/2021.3.11f1/Editor/Data/MonoBleedingEdge/lib/mono/unityjit-win32'
Mono config path = 'C:/Program Files/Unity/Hub/Editor/2021.3.11f1/Editor/Data/MonoBleedingEdge/etc'
Using monoOptions --debugger-agent=transport=dt_socket,embedding=1,server=y,suspend=n,address=127.0.0.1:56364
Begin MonoManager ReloadAssembly
Registering precompiled unity dll's ...
Register platform support module: C:/Program Files/Unity/Hub/Editor/2021.3.11f1/Editor/Data/PlaybackEngines/WebGLSupport/UnityEditor.WebGL.Extensions.dll
Register platform support module: C:/Program Files/Unity/Hub/Editor/2021.3.11f1/Editor/Data/PlaybackEngines/WindowsStandaloneSupport/UnityEditor.WindowsStandalone.Extensions.dll
Registered in 0.013044 seconds.
Native extension for WindowsStandalone target not found
Native extension for WebGL target not found
Refreshing native plugins compatible for Editor in 81.79 ms, found 3 plugins.
Preloading 0 native plugins for Editor in 0.00 ms.
Mono: successfully reloaded assembly
- Completed reload, in  0.762 seconds
Domain Reload Profiling:
	ReloadAssembly (763ms)
		BeginReloadAssembly (139ms)
			ExecutionOrderSort (0ms)
			DisableScriptedObjects (0ms)
			BackupInstance (0ms)
			ReleaseScriptingObjects (0ms)
			CreateAndSetChildDomain (1ms)
		EndReloadAssembly (499ms)
			LoadAssemblies (138ms)
			RebuildTransferFunctionScriptingTraits (0ms)
			SetupTypeCache (118ms)
			ReleaseScriptCaches (0ms)
			RebuildScriptCaches (29ms)
			SetupLoadedEditorAssemblies (297ms)
				LogAssemblyErrors (0ms)
				InitializePlatformSupportModulesInManaged (12ms)
				SetLoadedEditorAssemblies (0ms)
				RefreshPlugins (82ms)
				BeforeProcessingInitializeOnLoad (1ms)
				ProcessInitializeOnLoadAttributes (153ms)
				ProcessInitializeOnLoadMethodAttributes (48ms)
				AfterProcessingInitializeOnLoad (0ms)
				EditorAssembliesLoaded (0ms)
			ExecutionOrderSort2 (0ms)
			AwakeInstancesAfterBackupRestoration (0ms)
Platform modules already initialized, skipping
Registering precompiled user dll's ...
Registered in 0.007167 seconds.
Begin MonoManager ReloadAssembly
Symbol file LoadedFromMemory doesn't match image C:\Users\renat\UnityProjects\mortar-simulation\MortarSimulation\Library\PackageCache\com.unity.visualscripting@1.7.8\Editor\VisualScripting.Core\Dependencies\YamlDotNet\Unity.VisualScripting.YamlDotNet.dll
Symbol file LoadedFromMemory doesn't match image C:\Users\renat\UnityProjects\mortar-simulation\MortarSimulation\Library\PackageCache\com.unity.visualscripting@1.7.8\Editor\VisualScripting.Core\Dependencies\DotNetZip\Unity.VisualScripting.IonicZip.dll
Native extension for WindowsStandalone target not found
Native extension for WebGL target not found
Refreshing native plugins compatible for Editor in 0.54 ms, found 3 plugins.
Preloading 0 native plugins for Editor in 0.00 ms.
Mono: successfully reloaded assembly
- Completed reload, in  1.907 seconds
Domain Reload Profiling:
	ReloadAssembly (1908ms)
		BeginReloadAssembly (127ms)
			ExecutionOrderSort (0ms)
			DisableScriptedObjects (6ms)
			BackupInstance (0ms)
			ReleaseScriptingObjects (0ms)
			CreateAndSetChildDomain (22ms)
		EndReloadAssembly (1643ms)
			LoadAssemblies (191ms)
			RebuildTransferFunctionScriptingTraits (0ms)
			SetupTypeCache (695ms)
			ReleaseScriptCaches (1ms)
			RebuildScriptCaches (89ms)
			SetupLoadedEditorAssemblies (571ms)
				LogAssemblyErrors (0ms)
				InitializePlatformSupportModulesInManaged (9ms)
				SetLoadedEditorAssemblies (1ms)
				RefreshPlugins (1ms)
				BeforeProcessingInitializeOnLoad (107ms)
				ProcessInitializeOnLoadAttributes (409ms)
				ProcessInitializeOnLoadMethodAttributes (33ms)
				AfterProcessingInitializeOnLoad (12ms)
				EditorAssembliesLoaded (0ms)
			ExecutionOrderSort2 (0ms)
			AwakeInstancesAfterBackupRestoration (6ms)
Platform modules already initialized, skipping
========================================================================
Worker process is ready to serve import requests
Launched and connected shader compiler UnityShaderCompiler.exe after 0.07 seconds
Refreshing native plugins compatible for Editor in 0.86 ms, found 3 plugins.
Preloading 0 native plugins for Editor in 0.00 ms.
Unloading 3386 Unused Serialized files (Serialized files now loaded: 0)
Unloading 27 unused Assets / (113.8 KB). Loaded Objects now: 3843.
Memory consumption went from 116.3 MB to 116.2 MB.
Total: 3.588000 ms (FindLiveObjects: 0.386900 ms CreateObjectMapping: 0.124900 ms MarkObjects: 2.926600 ms  DeleteObjects: 0.147700 ms)

AssetImportParameters requested are different than current active one (requested -> active):
  custom:video-decoder-ogg-theora: a1e56fd34408186e4bbccfd4996cb3dc -> 
  custom:container-muxer-webm: aa71ff27fc2769a1b78a27578f13a17b -> 
  custom:container-demuxer-webm: 4f35f7cbe854078d1ac9338744f61a02 -> 
  custom:video-encoder-webm-vp8: eb34c28f22e8b96e1ab97ce403110664 -> 
  custom:video-codec-MediaFoundation-h265: 746d11721c4dcdbdad8f713fa42b33f4 -> 
  custom:audio-encoder-webm-vorbis: bf7c407c2cedff20999df2af8eb42d56 -> 
  custom:framework-win-MediaFoundation: 216162199b28c13a410421893ffa2e32 -> 
  custom:container-demuxer-ogg: 62fdf1f143b41e24485cea50d1cbac27 -> 
  custom:video-decoder-webm-vp8: 9c59270c3fd7afecdb556c50c9e8de78 -> 
  custom:audio-decoder-ogg-vorbis: bf7c407c2cedff20999df2af8eb42d56 -> 
========================================================================
Received Import Request.
  Time since last request: 1756335.948338 seconds.
  path: Assets/G_36_Demo/DemoScene/DemoSceneTerrain.asset
  artifactKey: Guid(a33751ca3acf2824fad14e04b594da9c) Importer(815301076,1909f56bfc062723c751e8b465ee728b)
Start importing Assets/G_36_Demo/DemoScene/DemoSceneTerrain.asset using Guid(a33751ca3acf2824fad14e04b594da9c) Importer(815301076,1909f56bfc062723c751e8b465ee728b)  -> (artifact id: 'b56b3935e33f6f95e6261675a11d3ce9') in 1.434295 seconds 
========================================================================
Received Prepare
Registering precompiled user dll's ...
Registered in 0.007517 seconds.
Begin MonoManager ReloadAssembly
Symbol file LoadedFromMemory doesn't match image C:\Users\renat\UnityProjects\mortar-simulation\MortarSimulation\Library\PackageCache\com.unity.visualscripting@1.7.8\Editor\VisualScripting.Core\Dependencies\YamlDotNet\Unity.VisualScripting.YamlDotNet.dll
Symbol file LoadedFromMemory doesn't match image C:\Users\renat\UnityProjects\mortar-simulation\MortarSimulation\Library\PackageCache\com.unity.visualscripting@1.7.8\Editor\VisualScripting.Core\Dependencies\DotNetZip\Unity.VisualScripting.IonicZip.dll
Native extension for WindowsStandalone target not found
Native extension for WebGL target not found
Refreshing native plugins compatible for Editor in 0.99 ms, found 3 plugins.
Preloading 0 native plugins for Editor in 0.00 ms.
Mono: successfully reloaded assembly
- Completed reload, in  1.483 seconds
Domain Reload Profiling:
	ReloadAssembly (1486ms)
		BeginReloadAssembly (234ms)
			ExecutionOrderSort (0ms)
			DisableScriptedObjects (7ms)
			BackupInstance (0ms)
			ReleaseScriptingObjects (0ms)
			CreateAndSetChildDomain (70ms)
		EndReloadAssembly (1109ms)
			LoadAssemblies (163ms)
			RebuildTransferFunctionScriptingTraits (0ms)
			SetupTypeCache (377ms)
			ReleaseScriptCaches (2ms)
			RebuildScriptCaches (57ms)
			SetupLoadedEditorAssemblies (482ms)
				LogAssemblyErrors (0ms)
				InitializePlatformSupportModulesInManaged (26ms)
				SetLoadedEditorAssemblies (1ms)
				RefreshPlugins (1ms)
				BeforeProcessingInitializeOnLoad (98ms)
				ProcessInitializeOnLoadAttributes (303ms)
				ProcessInitializeOnLoadMethodAttributes (42ms)
				AfterProcessingInitializeOnLoad (11ms)
				EditorAssembliesLoaded (0ms)
			ExecutionOrderSort2 (0ms)
			AwakeInstancesAfterBackupRestoration (9ms)
Platform modules already initialized, skipping
Refreshing native plugins compatible for Editor in 4.45 ms, found 3 plugins.
Preloading 0 native plugins for Editor in 0.00 ms.
Unloading 3381 Unused Serialized files (Serialized files now loaded: 0)
Unloading 22 unused Assets / (0.6 MB). Loaded Objects now: 3850.
Memory consumption went from 117.1 MB to 116.6 MB.
Total: 8.837900 ms (FindLiveObjects: 1.368000 ms CreateObjectMapping: 0.522200 ms MarkObjects: 6.213400 ms  DeleteObjects: 0.732400 ms)

AssetImportParameters requested are different than current active one (requested -> active):
  custom:video-decoder-ogg-theora: a1e56fd34408186e4bbccfd4996cb3dc -> 
  custom:container-muxer-webm: aa71ff27fc2769a1b78a27578f13a17b -> 
  custom:container-demuxer-webm: 4f35f7cbe854078d1ac9338744f61a02 -> 
  custom:video-encoder-webm-vp8: eb34c28f22e8b96e1ab97ce403110664 -> 
  custom:video-codec-MediaFoundation-h265: 746d11721c4dcdbdad8f713fa42b33f4 -> 
  custom:audio-encoder-webm-vorbis: bf7c407c2cedff20999df2af8eb42d56 -> 
  custom:framework-win-MediaFoundation: 216162199b28c13a410421893ffa2e32 -> 
  custom:container-demuxer-ogg: 62fdf1f143b41e24485cea50d1cbac27 -> 
  custom:video-decoder-webm-vp8: 9c59270c3fd7afecdb556c50c9e8de78 -> 
  custom:audio-decoder-ogg-vorbis: bf7c407c2cedff20999df2af8eb42d56 -> 
========================================================================
Received Import Request.
  Time since last request: 555.771426 seconds.
  path: Assets/G_36_Demo/Prefabs/Ammo n Cases/German_MortarCase_5cmOpen.prefab
  artifactKey: Guid(73e84bb91833dc549a98bb4ff0154ddf) Importer(815301076,1909f56bfc062723c751e8b465ee728b)
Start importing Assets/G_36_Demo/Prefabs/Ammo n Cases/German_MortarCase_5cmOpen.prefab using Guid(73e84bb91833dc549a98bb4ff0154ddf) Importer(815301076,1909f56bfc062723c751e8b465ee728b)  -> (artifact id: '1e3b5b19c7ddf9e19377a6456f67b3ca') in 0.389760 seconds 
========================================================================
Received Import Request.
  Time since last request: 30.102466 seconds.
  path: Assets/G_36_Demo/Prefabs/Crew_Prefabs/G36_Crew_no_Auto_Fire.prefab
  artifactKey: Guid(0a9576219eb49884eb67151db96b39e7) Importer(815301076,1909f56bfc062723c751e8b465ee728b)
Start importing Assets/G_36_Demo/Prefabs/Crew_Prefabs/G36_Crew_no_Auto_Fire.prefab using Guid(0a9576219eb49884eb67151db96b39e7) Importer(815301076,1909f56bfc062723c751e8b465ee728b)  -> (artifact id: '7cae337751dc8557eb82b2fa457ce738') in 1.793383 seconds 
========================================================================
Received Import Request.
  Time since last request: 34.701811 seconds.
  path: Assets/G_36_Demo/Materials/Textures/BigGrassCol.png
  artifactKey: Guid(84d19518aabbc8940a531a73825c729d) Importer(815301076,1909f56bfc062723c751e8b465ee728b)
Start importing Assets/G_36_Demo/Materials/Textures/BigGrassCol.png using Guid(84d19518aabbc8940a531a73825c729d) Importer(815301076,1909f56bfc062723c751e8b465ee728b)  -> (artifact id: 'b320ffbbb8522c8c57d0fdf5ca99f2a4') in 0.104901 seconds 
========================================================================
Received Import Request.
  Time since last request: 0.000032 seconds.
  path: Assets/G_36_Demo/Materials/Textures/CraterDeepNORMS.png
  artifactKey: Guid(c6ffedf98b29fd649bc18e63eaea625e) Importer(815301076,1909f56bfc062723c751e8b465ee728b)
Start importing Assets/G_36_Demo/Materials/Textures/CraterDeepNORMS.png using Guid(c6ffedf98b29fd649bc18e63eaea625e) Importer(815301076,1909f56bfc062723c751e8b465ee728b)  -> (artifact id: '84027cffc37e0dd8adb803319d37f64f') in 0.030181 seconds 
========================================================================
Received Import Request.
  Time since last request: 0.000052 seconds.
  path: Assets/G_36_Demo/Materials/Textures/Crater1COL.png
  artifactKey: Guid(c693d06fdba9a0749994d4ad8c55fd8a) Importer(815301076,1909f56bfc062723c751e8b465ee728b)
Start importing Assets/G_36_Demo/Materials/Textures/Crater1COL.png using Guid(c693d06fdba9a0749994d4ad8c55fd8a) Importer(815301076,1909f56bfc062723c751e8b465ee728b)  -> (artifact id: '335f70761e7b59ebe5c0ca6d62715dee') in 0.027449 seconds 
========================================================================
Received Import Request.
  Time since last request: 0.000031 seconds.
  path: Assets/G_36_Demo/Materials/Textures/Flak38_ColCross.png
  artifactKey: Guid(9bd97f62179c3f246aabdfb404bce74f) Importer(815301076,1909f56bfc062723c751e8b465ee728b)
Start importing Assets/G_36_Demo/Materials/Textures/Flak38_ColCross.png using Guid(9bd97f62179c3f246aabdfb404bce74f) Importer(815301076,1909f56bfc062723c751e8b465ee728b)  -> (artifact id: '82c01461988b9a56bc993b8b3d10eeef') in 0.032714 seconds 
========================================================================
Received Import Request.
  Time since last request: 0.000026 seconds.
  path: Assets/G_36_Demo/Materials/Textures/GermanMCOL.tga
  artifactKey: Guid(a462c27f9e113d24d8cb402dbfa21664) Importer(815301076,1909f56bfc062723c751e8b465ee728b)
Start importing Assets/G_36_Demo/Materials/Textures/GermanMCOL.tga using Guid(a462c27f9e113d24d8cb402dbfa21664) Importer(815301076,1909f56bfc062723c751e8b465ee728b)  -> (artifact id: '48c1572a80a184be97ee3d9998e73c7e') in 0.024078 seconds 
========================================================================
Received Import Request.
  Time since last request: 0.000023 seconds.
  path: Assets/G_36_Demo/Materials/Textures/GermanMetal.tga
  artifactKey: Guid(7a32ca6130557104d8a88f66204b7d0f) Importer(815301076,1909f56bfc062723c751e8b465ee728b)
Start importing Assets/G_36_Demo/Materials/Textures/GermanMetal.tga using Guid(7a32ca6130557104d8a88f66204b7d0f) Importer(815301076,1909f56bfc062723c751e8b465ee728b)  -> (artifact id: 'e4466ee34d7fc5c018c2b2a763280b17') in 0.026547 seconds 
========================================================================
Received Import Request.
  Time since last request: 0.000031 seconds.
  path: Assets/G_36_Demo/Materials/Textures/Crater1NORMS.png
  artifactKey: Guid(e0c287711ddb6db40b07b717a94428db) Importer(815301076,1909f56bfc062723c751e8b465ee728b)
Start importing Assets/G_36_Demo/Materials/Textures/Crater1NORMS.png using Guid(e0c287711ddb6db40b07b717a94428db) Importer(815301076,1909f56bfc062723c751e8b465ee728b)  -> (artifact id: 'b1c1344a75ac3778e32d0ea6f4a195df') in 0.026857 seconds 
========================================================================
Received Import Request.
  Time since last request: 0.000032 seconds.
  path: Assets/G_36_Demo/Materials/Textures/GermanMortarAmmoNORMS.tga
  artifactKey: Guid(caa43ac64d7f07148b9fcda3f1cd6818) Importer(815301076,1909f56bfc062723c751e8b465ee728b)
Start importing Assets/G_36_Demo/Materials/Textures/GermanMortarAmmoNORMS.tga using Guid(caa43ac64d7f07148b9fcda3f1cd6818) Importer(815301076,1909f56bfc062723c751e8b465ee728b)  -> (artifact id: 'd3aad09025d8943f5a73d2f6be501fb5') in 0.023427 seconds 
========================================================================
Received Import Request.
  Time since last request: 0.000038 seconds.
  path: Assets/G_36_Demo/Materials/Textures/GermanNORMS.tga
  artifactKey: Guid(aacc14bbb834a4440abc7bc807407a88) Importer(815301076,1909f56bfc062723c751e8b465ee728b)
Start importing Assets/G_36_Demo/Materials/Textures/GermanNORMS.tga using Guid(aacc14bbb834a4440abc7bc807407a88) Importer(815301076,1909f56bfc062723c751e8b465ee728b)  -> (artifact id: '6775989fd5c9740be65f0eeaf2eeaf9d') in 0.026856 seconds 
========================================================================
Received Import Request.
  Time since last request: 0.000028 seconds.
  path: Assets/G_36_Demo/Materials/Textures/GermanMortarAmmo_COL.tga
  artifactKey: Guid(7a08f3b8efbc8cf4eb7b0ad23c3dd844) Importer(815301076,1909f56bfc062723c751e8b465ee728b)
Start importing Assets/G_36_Demo/Materials/Textures/GermanMortarAmmo_COL.tga using Guid(7a08f3b8efbc8cf4eb7b0ad23c3dd844) Importer(815301076,1909f56bfc062723c751e8b465ee728b)  -> (artifact id: '04366b5325cae27fec6b6c8b959c3c8b') in 0.022758 seconds 
========================================================================
Received Import Request.
  Time since last request: 177.597355 seconds.
  path: Assets/G_36_Demo/Materials/German_Mortar36.mat
  artifactKey: Guid(46d5f02f7ad8d5145839f7ca94d38b60) Importer(815301076,1909f56bfc062723c751e8b465ee728b)
Start importing Assets/G_36_Demo/Materials/German_Mortar36.mat using Guid(46d5f02f7ad8d5145839f7ca94d38b60) Importer(815301076,1909f56bfc062723c751e8b465ee728b)  -> (artifact id: 'cb9d37a60daca9f1e5d5dd7eb20701e8') in 0.064122 seconds 
========================================================================
Received Import Request.
  Time since last request: 0.000034 seconds.
  path: Assets/G_36_Demo/Materials/GermanMortarAmmo.mat
  artifactKey: Guid(89fd07959321c35409771ce4871872e8) Importer(815301076,1909f56bfc062723c751e8b465ee728b)
Start importing Assets/G_36_Demo/Materials/GermanMortarAmmo.mat using Guid(89fd07959321c35409771ce4871872e8) Importer(815301076,1909f56bfc062723c751e8b465ee728b)  -> (artifact id: 'f459533e69bcdfd2839c2c6ffb6b37c1') in 0.032856 seconds 
========================================================================
Received Import Request.
  Time since last request: 0.000041 seconds.
  path: Assets/G_36_Demo/Materials/German_Soldier.mat
  artifactKey: Guid(2213828aa887ea443bb03068848f22a7) Importer(815301076,1909f56bfc062723c751e8b465ee728b)
Start importing Assets/G_36_Demo/Materials/German_Soldier.mat using Guid(2213828aa887ea443bb03068848f22a7) Importer(815301076,1909f56bfc062723c751e8b465ee728b)  -> (artifact id: '75e1ec0f0e5e09262052de87f3fe3978') in 0.031989 seconds 
========================================================================
Received Prepare
Registering precompiled user dll's ...
Registered in 0.006893 seconds.
Begin MonoManager ReloadAssembly
Symbol file LoadedFromMemory doesn't match image C:\Users\renat\UnityProjects\mortar-simulation\MortarSimulation\Library\PackageCache\com.unity.visualscripting@1.7.8\Editor\VisualScripting.Core\Dependencies\YamlDotNet\Unity.VisualScripting.YamlDotNet.dll
Symbol file LoadedFromMemory doesn't match image C:\Users\renat\UnityProjects\mortar-simulation\MortarSimulation\Library\PackageCache\com.unity.visualscripting@1.7.8\Editor\VisualScripting.Core\Dependencies\DotNetZip\Unity.VisualScripting.IonicZip.dll
Native extension for WindowsStandalone target not found
Native extension for WebGL target not found
Refreshing native plugins compatible for Editor in 1.74 ms, found 3 plugins.
Preloading 0 native plugins for Editor in 0.00 ms.
Mono: successfully reloaded assembly
- Completed reload, in  1.760 seconds
Domain Reload Profiling:
	ReloadAssembly (1762ms)
		BeginReloadAssembly (393ms)
			ExecutionOrderSort (0ms)
			DisableScriptedObjects (13ms)
			BackupInstance (0ms)
			ReleaseScriptingObjects (0ms)
			CreateAndSetChildDomain (182ms)
		EndReloadAssembly (1218ms)
			LoadAssemblies (182ms)
			RebuildTransferFunctionScriptingTraits (0ms)
			SetupTypeCache (412ms)
			ReleaseScriptCaches (1ms)
			RebuildScriptCaches (66ms)
			SetupLoadedEditorAssemblies (521ms)
				LogAssemblyErrors (0ms)
				InitializePlatformSupportModulesInManaged (24ms)
				SetLoadedEditorAssemblies (1ms)
				RefreshPlugins (2ms)
				BeforeProcessingInitializeOnLoad (99ms)
				ProcessInitializeOnLoadAttributes (339ms)
				ProcessInitializeOnLoadMethodAttributes (44ms)
				AfterProcessingInitializeOnLoad (11ms)
				EditorAssembliesLoaded (1ms)
			ExecutionOrderSort2 (0ms)
			AwakeInstancesAfterBackupRestoration (9ms)
Platform modules already initialized, skipping
Refreshing native plugins compatible for Editor in 4.47 ms, found 3 plugins.
Preloading 0 native plugins for Editor in 0.00 ms.
Unloading 3381 Unused Serialized files (Serialized files now loaded: 0)
Unloading 21 unused Assets / (106.5 KB). Loaded Objects now: 3900.
Memory consumption went from 134.9 MB to 134.8 MB.
Total: 6.495700 ms (FindLiveObjects: 0.537800 ms CreateObjectMapping: 0.153200 ms MarkObjects: 5.531600 ms  DeleteObjects: 0.270800 ms)

AssetImportParameters requested are different than current active one (requested -> active):
  custom:video-decoder-ogg-theora: a1e56fd34408186e4bbccfd4996cb3dc -> 
  custom:container-muxer-webm: aa71ff27fc2769a1b78a27578f13a17b -> 
  custom:container-demuxer-webm: 4f35f7cbe854078d1ac9338744f61a02 -> 
  custom:video-encoder-webm-vp8: eb34c28f22e8b96e1ab97ce403110664 -> 
  custom:video-codec-MediaFoundation-h265: 746d11721c4dcdbdad8f713fa42b33f4 -> 
  custom:audio-encoder-webm-vorbis: bf7c407c2cedff20999df2af8eb42d56 -> 
  custom:framework-win-MediaFoundation: 216162199b28c13a410421893ffa2e32 -> 
  custom:container-demuxer-ogg: 62fdf1f143b41e24485cea50d1cbac27 -> 
  custom:video-decoder-webm-vp8: 9c59270c3fd7afecdb556c50c9e8de78 -> 
  custom:audio-decoder-ogg-vorbis: bf7c407c2cedff20999df2af8eb42d56 -> 
========================================================================
Received Prepare
Registering precompiled user dll's ...
Registered in 0.006445 seconds.
Begin MonoManager ReloadAssembly
Symbol file LoadedFromMemory doesn't match image C:\Users\renat\UnityProjects\mortar-simulation\MortarSimulation\Library\PackageCache\com.unity.visualscripting@1.7.8\Editor\VisualScripting.Core\Dependencies\YamlDotNet\Unity.VisualScripting.YamlDotNet.dll
Symbol file LoadedFromMemory doesn't match image C:\Users\renat\UnityProjects\mortar-simulation\MortarSimulation\Library\PackageCache\com.unity.visualscripting@1.7.8\Editor\VisualScripting.Core\Dependencies\DotNetZip\Unity.VisualScripting.IonicZip.dll
Native extension for WindowsStandalone target not found
Native extension for WebGL target not found
Refreshing native plugins compatible for Editor in 1.39 ms, found 3 plugins.
Preloading 0 native plugins for Editor in 0.00 ms.
Mono: successfully reloaded assembly
- Completed reload, in  1.429 seconds
Domain Reload Profiling:
	ReloadAssembly (1430ms)
		BeginReloadAssembly (161ms)
			ExecutionOrderSort (0ms)
			DisableScriptedObjects (7ms)
			BackupInstance (0ms)
			ReleaseScriptingObjects (0ms)
			CreateAndSetChildDomain (38ms)
		EndReloadAssembly (1130ms)
			LoadAssemblies (136ms)
			RebuildTransferFunctionScriptingTraits (0ms)
			SetupTypeCache (394ms)
			ReleaseScriptCaches (3ms)
			RebuildScriptCaches (63ms)
			SetupLoadedEditorAssemblies (474ms)
				LogAssemblyErrors (0ms)
				InitializePlatformSupportModulesInManaged (22ms)
				SetLoadedEditorAssemblies (1ms)
				RefreshPlugins (2ms)
				BeforeProcessingInitializeOnLoad (96ms)
				ProcessInitializeOnLoadAttributes (303ms)
				ProcessInitializeOnLoadMethodAttributes (41ms)
				AfterProcessingInitializeOnLoad (10ms)
				EditorAssembliesLoaded (0ms)
			ExecutionOrderSort2 (0ms)
			AwakeInstancesAfterBackupRestoration (9ms)
Platform modules already initialized, skipping
Refreshing native plugins compatible for Editor in 3.37 ms, found 3 plugins.
Preloading 0 native plugins for Editor in 0.00 ms.
Unloading 3381 Unused Serialized files (Serialized files now loaded: 0)
Unloading 20 unused Assets / (80.2 KB). Loaded Objects now: 3903.
Memory consumption went from 134.8 MB to 134.8 MB.
Total: 6.292100 ms (FindLiveObjects: 0.652900 ms CreateObjectMapping: 0.116200 ms MarkObjects: 5.233100 ms  DeleteObjects: 0.285400 ms)

AssetImportParameters requested are different than current active one (requested -> active):
  custom:video-decoder-ogg-theora: a1e56fd34408186e4bbccfd4996cb3dc -> 
  custom:container-muxer-webm: aa71ff27fc2769a1b78a27578f13a17b -> 
  custom:container-demuxer-webm: 4f35f7cbe854078d1ac9338744f61a02 -> 
  custom:video-encoder-webm-vp8: eb34c28f22e8b96e1ab97ce403110664 -> 
  custom:video-codec-MediaFoundation-h265: 746d11721c4dcdbdad8f713fa42b33f4 -> 
  custom:audio-encoder-webm-vorbis: bf7c407c2cedff20999df2af8eb42d56 -> 
  custom:framework-win-MediaFoundation: 216162199b28c13a410421893ffa2e32 -> 
  custom:container-demuxer-ogg: 62fdf1f143b41e24485cea50d1cbac27 -> 
  custom:video-decoder-webm-vp8: 9c59270c3fd7afecdb556c50c9e8de78 -> 
  custom:audio-decoder-ogg-vorbis: bf7c407c2cedff20999df2af8eb42d56 -> 
========================================================================
Received Prepare
Registering precompiled user dll's ...
Registered in 0.006322 seconds.
Begin MonoManager ReloadAssembly
Symbol file LoadedFromMemory doesn't match image C:\Users\renat\UnityProjects\mortar-simulation\MortarSimulation\Library\PackageCache\com.unity.visualscripting@1.7.8\Editor\VisualScripting.Core\Dependencies\YamlDotNet\Unity.VisualScripting.YamlDotNet.dll
Symbol file LoadedFromMemory doesn't match image C:\Users\renat\UnityProjects\mortar-simulation\MortarSimulation\Library\PackageCache\com.unity.visualscripting@1.7.8\Editor\VisualScripting.Core\Dependencies\DotNetZip\Unity.VisualScripting.IonicZip.dll
Native extension for WindowsStandalone target not found
Native extension for WebGL target not found
Refreshing native plugins compatible for Editor in 0.99 ms, found 3 plugins.
Preloading 0 native plugins for Editor in 0.00 ms.
Mono: successfully reloaded assembly
- Completed reload, in  1.450 seconds
Domain Reload Profiling:
	ReloadAssembly (1451ms)
		BeginReloadAssembly (148ms)
			ExecutionOrderSort (0ms)
			DisableScriptedObjects (6ms)
			BackupInstance (0ms)
			ReleaseScriptingObjects (0ms)
			CreateAndSetChildDomain (40ms)
		EndReloadAssembly (1196ms)
			LoadAssemblies (104ms)
			RebuildTransferFunctionScriptingTraits (0ms)
			SetupTypeCache (409ms)
			ReleaseScriptCaches (2ms)
			RebuildScriptCaches (69ms)
			SetupLoadedEditorAssemblies (517ms)
				LogAssemblyErrors (0ms)
				InitializePlatformSupportModulesInManaged (23ms)
				SetLoadedEditorAssemblies (1ms)
				RefreshPlugins (1ms)
				BeforeProcessingInitializeOnLoad (107ms)
				ProcessInitializeOnLoadAttributes (333ms)
				ProcessInitializeOnLoadMethodAttributes (40ms)
				AfterProcessingInitializeOnLoad (12ms)
				EditorAssembliesLoaded (0ms)
			ExecutionOrderSort2 (0ms)
			AwakeInstancesAfterBackupRestoration (9ms)
Platform modules already initialized, skipping
Refreshing native plugins compatible for Editor in 3.41 ms, found 3 plugins.
Preloading 0 native plugins for Editor in 0.00 ms.
Unloading 3381 Unused Serialized files (Serialized files now loaded: 0)
Unloading 20 unused Assets / (80.3 KB). Loaded Objects now: 3906.
Memory consumption went from 134.9 MB to 134.8 MB.
Total: 6.282100 ms (FindLiveObjects: 0.964300 ms CreateObjectMapping: 0.230100 ms MarkObjects: 4.612100 ms  DeleteObjects: 0.440500 ms)

AssetImportParameters requested are different than current active one (requested -> active):
  custom:video-decoder-ogg-theora: a1e56fd34408186e4bbccfd4996cb3dc -> 
  custom:container-muxer-webm: aa71ff27fc2769a1b78a27578f13a17b -> 
  custom:container-demuxer-webm: 4f35f7cbe854078d1ac9338744f61a02 -> 
  custom:video-encoder-webm-vp8: eb34c28f22e8b96e1ab97ce403110664 -> 
  custom:video-codec-MediaFoundation-h265: 746d11721c4dcdbdad8f713fa42b33f4 -> 
  custom:audio-encoder-webm-vorbis: bf7c407c2cedff20999df2af8eb42d56 -> 
  custom:framework-win-MediaFoundation: 216162199b28c13a410421893ffa2e32 -> 
  custom:container-demuxer-ogg: 62fdf1f143b41e24485cea50d1cbac27 -> 
  custom:video-decoder-webm-vp8: 9c59270c3fd7afecdb556c50c9e8de78 -> 
  custom:audio-decoder-ogg-vorbis: bf7c407c2cedff20999df2af8eb42d56 -> 
========================================================================
Received Prepare
Registering precompiled user dll's ...
Registered in 0.006783 seconds.
Begin MonoManager ReloadAssembly
Symbol file LoadedFromMemory doesn't match image C:\Users\renat\UnityProjects\mortar-simulation\MortarSimulation\Library\PackageCache\com.unity.visualscripting@1.7.8\Editor\VisualScripting.Core\Dependencies\YamlDotNet\Unity.VisualScripting.YamlDotNet.dll
Symbol file LoadedFromMemory doesn't match image C:\Users\renat\UnityProjects\mortar-simulation\MortarSimulation\Library\PackageCache\com.unity.visualscripting@1.7.8\Editor\VisualScripting.Core\Dependencies\DotNetZip\Unity.VisualScripting.IonicZip.dll
Native extension for WindowsStandalone target not found
Native extension for WebGL target not found
Refreshing native plugins compatible for Editor in 1.35 ms, found 3 plugins.
Preloading 0 native plugins for Editor in 0.00 ms.
Mono: successfully reloaded assembly
- Completed reload, in  1.326 seconds
Domain Reload Profiling:
	ReloadAssembly (1327ms)
		BeginReloadAssembly (147ms)
			ExecutionOrderSort (0ms)
			DisableScriptedObjects (5ms)
			BackupInstance (0ms)
			ReleaseScriptingObjects (0ms)
			CreateAndSetChildDomain (40ms)
		EndReloadAssembly (1073ms)
			LoadAssemblies (101ms)
			RebuildTransferFunctionScriptingTraits (0ms)
			SetupTypeCache (368ms)
			ReleaseScriptCaches (2ms)
			RebuildScriptCaches (63ms)
			SetupLoadedEditorAssemblies (468ms)
				LogAssemblyErrors (0ms)
				InitializePlatformSupportModulesInManaged (22ms)
				SetLoadedEditorAssemblies (1ms)
				RefreshPlugins (2ms)
				BeforeProcessingInitializeOnLoad (94ms)
				ProcessInitializeOnLoadAttributes (297ms)
				ProcessInitializeOnLoadMethodAttributes (42ms)
				AfterProcessingInitializeOnLoad (10ms)
				EditorAssembliesLoaded (0ms)
			ExecutionOrderSort2 (0ms)
			AwakeInstancesAfterBackupRestoration (8ms)
Platform modules already initialized, skipping
Refreshing native plugins compatible for Editor in 4.24 ms, found 3 plugins.
Preloading 0 native plugins for Editor in 0.00 ms.
Unloading 3381 Unused Serialized files (Serialized files now loaded: 0)
Unloading 20 unused Assets / (80.1 KB). Loaded Objects now: 3909.
Memory consumption went from 134.9 MB to 134.8 MB.
Total: 4.229800 ms (FindLiveObjects: 0.429100 ms CreateObjectMapping: 0.141500 ms MarkObjects: 3.507200 ms  DeleteObjects: 0.150300 ms)

AssetImportParameters requested are different than current active one (requested -> active):
  custom:video-decoder-ogg-theora: a1e56fd34408186e4bbccfd4996cb3dc -> 
  custom:container-muxer-webm: aa71ff27fc2769a1b78a27578f13a17b -> 
  custom:container-demuxer-webm: 4f35f7cbe854078d1ac9338744f61a02 -> 
  custom:video-encoder-webm-vp8: eb34c28f22e8b96e1ab97ce403110664 -> 
  custom:video-codec-MediaFoundation-h265: 746d11721c4dcdbdad8f713fa42b33f4 -> 
  custom:audio-encoder-webm-vorbis: bf7c407c2cedff20999df2af8eb42d56 -> 
  custom:framework-win-MediaFoundation: 216162199b28c13a410421893ffa2e32 -> 
  custom:container-demuxer-ogg: 62fdf1f143b41e24485cea50d1cbac27 -> 
  custom:video-decoder-webm-vp8: 9c59270c3fd7afecdb556c50c9e8de78 -> 
  custom:audio-decoder-ogg-vorbis: bf7c407c2cedff20999df2af8eb42d56 -> 
========================================================================
Received Prepare
Registering precompiled user dll's ...
Registered in 0.008209 seconds.
Begin MonoManager ReloadAssembly
Symbol file LoadedFromMemory doesn't match image C:\Users\renat\UnityProjects\mortar-simulation\MortarSimulation\Library\PackageCache\com.unity.visualscripting@1.7.8\Editor\VisualScripting.Core\Dependencies\YamlDotNet\Unity.VisualScripting.YamlDotNet.dll
Symbol file LoadedFromMemory doesn't match image C:\Users\renat\UnityProjects\mortar-simulation\MortarSimulation\Library\PackageCache\com.unity.visualscripting@1.7.8\Editor\VisualScripting.Core\Dependencies\DotNetZip\Unity.VisualScripting.IonicZip.dll
Native extension for WindowsStandalone target not found
Native extension for WebGL target not found
Refreshing native plugins compatible for Editor in 1.33 ms, found 3 plugins.
Preloading 0 native plugins for Editor in 0.00 ms.
Mono: successfully reloaded assembly
- Completed reload, in  1.365 seconds
Domain Reload Profiling:
	ReloadAssembly (1366ms)
		BeginReloadAssembly (149ms)
			ExecutionOrderSort (0ms)
			DisableScriptedObjects (6ms)
			BackupInstance (0ms)
			ReleaseScriptingObjects (0ms)
			CreateAndSetChildDomain (40ms)
		EndReloadAssembly (1110ms)
			LoadAssemblies (117ms)
			RebuildTransferFunctionScriptingTraits (0ms)
			SetupTypeCache (376ms)
			ReleaseScriptCaches (3ms)
			RebuildScriptCaches (64ms)
			SetupLoadedEditorAssemblies (476ms)
				LogAssemblyErrors (0ms)
				InitializePlatformSupportModulesInManaged (22ms)
				SetLoadedEditorAssemblies (1ms)
				RefreshPlugins (1ms)
				BeforeProcessingInitializeOnLoad (98ms)
				ProcessInitializeOnLoadAttributes (304ms)
				ProcessInitializeOnLoadMethodAttributes (40ms)
				AfterProcessingInitializeOnLoad (11ms)
				EditorAssembliesLoaded (0ms)
			ExecutionOrderSort2 (0ms)
			AwakeInstancesAfterBackupRestoration (9ms)
Platform modules already initialized, skipping
Refreshing native plugins compatible for Editor in 4.24 ms, found 3 plugins.
Preloading 0 native plugins for Editor in 0.00 ms.
Unloading 3381 Unused Serialized files (Serialized files now loaded: 0)
Unloading 20 unused Assets / (80.3 KB). Loaded Objects now: 3912.
Memory consumption went from 134.9 MB to 134.8 MB.
Total: 6.034500 ms (FindLiveObjects: 0.734300 ms CreateObjectMapping: 0.488600 ms MarkObjects: 4.668200 ms  DeleteObjects: 0.139900 ms)

AssetImportParameters requested are different than current active one (requested -> active):
  custom:video-decoder-ogg-theora: a1e56fd34408186e4bbccfd4996cb3dc -> 
  custom:container-muxer-webm: aa71ff27fc2769a1b78a27578f13a17b -> 
  custom:container-demuxer-webm: 4f35f7cbe854078d1ac9338744f61a02 -> 
  custom:video-encoder-webm-vp8: eb34c28f22e8b96e1ab97ce403110664 -> 
  custom:video-codec-MediaFoundation-h265: 746d11721c4dcdbdad8f713fa42b33f4 -> 
  custom:audio-encoder-webm-vorbis: bf7c407c2cedff20999df2af8eb42d56 -> 
  custom:framework-win-MediaFoundation: 216162199b28c13a410421893ffa2e32 -> 
  custom:container-demuxer-ogg: 62fdf1f143b41e24485cea50d1cbac27 -> 
  custom:video-decoder-webm-vp8: 9c59270c3fd7afecdb556c50c9e8de78 -> 
  custom:audio-decoder-ogg-vorbis: bf7c407c2cedff20999df2af8eb42d56 -> 
========================================================================
Received Prepare
Registering precompiled user dll's ...
Registered in 0.008437 seconds.
Begin MonoManager ReloadAssembly
Symbol file LoadedFromMemory doesn't match image C:\Users\renat\UnityProjects\mortar-simulation\MortarSimulation\Library\PackageCache\com.unity.visualscripting@1.7.8\Editor\VisualScripting.Core\Dependencies\YamlDotNet\Unity.VisualScripting.YamlDotNet.dll
Symbol file LoadedFromMemory doesn't match image C:\Users\renat\UnityProjects\mortar-simulation\MortarSimulation\Library\PackageCache\com.unity.visualscripting@1.7.8\Editor\VisualScripting.Core\Dependencies\DotNetZip\Unity.VisualScripting.IonicZip.dll
Native extension for WindowsStandalone target not found
Native extension for WebGL target not found
Refreshing native plugins compatible for Editor in 1.61 ms, found 3 plugins.
Preloading 0 native plugins for Editor in 0.00 ms.
Mono: successfully reloaded assembly
- Completed reload, in  1.543 seconds
Domain Reload Profiling:
	ReloadAssembly (1544ms)
		BeginReloadAssembly (261ms)
			ExecutionOrderSort (0ms)
			DisableScriptedObjects (8ms)
			BackupInstance (0ms)
			ReleaseScriptingObjects (0ms)
			CreateAndSetChildDomain (98ms)
		EndReloadAssembly (1137ms)
			LoadAssemblies (151ms)
			RebuildTransferFunctionScriptingTraits (0ms)
			SetupTypeCache (395ms)
			ReleaseScriptCaches (3ms)
			RebuildScriptCaches (67ms)
			SetupLoadedEditorAssemblies (489ms)
				LogAssemblyErrors (0ms)
				InitializePlatformSupportModulesInManaged (22ms)
				SetLoadedEditorAssemblies (1ms)
				RefreshPlugins (2ms)
				BeforeProcessingInitializeOnLoad (100ms)
				ProcessInitializeOnLoadAttributes (313ms)
				ProcessInitializeOnLoadMethodAttributes (40ms)
				AfterProcessingInitializeOnLoad (11ms)
				EditorAssembliesLoaded (0ms)
			ExecutionOrderSort2 (0ms)
			AwakeInstancesAfterBackupRestoration (8ms)
Platform modules already initialized, skipping
Refreshing native plugins compatible for Editor in 3.85 ms, found 3 plugins.
Preloading 0 native plugins for Editor in 0.00 ms.
Unloading 3381 Unused Serialized files (Serialized files now loaded: 0)
Unloading 20 unused Assets / (80.2 KB). Loaded Objects now: 3915.
Memory consumption went from 134.9 MB to 134.8 MB.
Total: 6.757500 ms (FindLiveObjects: 0.559500 ms CreateObjectMapping: 0.316800 ms MarkObjects: 5.534200 ms  DeleteObjects: 0.344600 ms)

AssetImportParameters requested are different than current active one (requested -> active):
  custom:video-decoder-ogg-theora: a1e56fd34408186e4bbccfd4996cb3dc -> 
  custom:container-muxer-webm: aa71ff27fc2769a1b78a27578f13a17b -> 
  custom:container-demuxer-webm: 4f35f7cbe854078d1ac9338744f61a02 -> 
  custom:video-encoder-webm-vp8: eb34c28f22e8b96e1ab97ce403110664 -> 
  custom:video-codec-MediaFoundation-h265: 746d11721c4dcdbdad8f713fa42b33f4 -> 
  custom:audio-encoder-webm-vorbis: bf7c407c2cedff20999df2af8eb42d56 -> 
  custom:framework-win-MediaFoundation: 216162199b28c13a410421893ffa2e32 -> 
  custom:container-demuxer-ogg: 62fdf1f143b41e24485cea50d1cbac27 -> 
  custom:video-decoder-webm-vp8: 9c59270c3fd7afecdb556c50c9e8de78 -> 
  custom:audio-decoder-ogg-vorbis: bf7c407c2cedff20999df2af8eb42d56 -> 
========================================================================
Received Prepare
Registering precompiled user dll's ...
Registered in 0.009035 seconds.
Begin MonoManager ReloadAssembly
Symbol file LoadedFromMemory doesn't match image C:\Users\renat\UnityProjects\mortar-simulation\MortarSimulation\Library\PackageCache\com.unity.visualscripting@1.7.8\Editor\VisualScripting.Core\Dependencies\YamlDotNet\Unity.VisualScripting.YamlDotNet.dll
Symbol file LoadedFromMemory doesn't match image C:\Users\renat\UnityProjects\mortar-simulation\MortarSimulation\Library\PackageCache\com.unity.visualscripting@1.7.8\Editor\VisualScripting.Core\Dependencies\DotNetZip\Unity.VisualScripting.IonicZip.dll
Native extension for WindowsStandalone target not found
Native extension for WebGL target not found
Refreshing native plugins compatible for Editor in 1.96 ms, found 3 plugins.
Preloading 0 native plugins for Editor in 0.00 ms.
Mono: successfully reloaded assembly
- Completed reload, in  1.422 seconds
Domain Reload Profiling:
	ReloadAssembly (1423ms)
		BeginReloadAssembly (172ms)
			ExecutionOrderSort (0ms)
			DisableScriptedObjects (7ms)
			BackupInstance (0ms)
			ReleaseScriptingObjects (0ms)
			CreateAndSetChildDomain (46ms)
		EndReloadAssembly (1136ms)
			LoadAssemblies (120ms)
			RebuildTransferFunctionScriptingTraits (0ms)
			SetupTypeCache (369ms)
			ReleaseScriptCaches (2ms)
			RebuildScriptCaches (62ms)
			SetupLoadedEditorAssemblies (518ms)
				LogAssemblyErrors (0ms)
				InitializePlatformSupportModulesInManaged (27ms)
				SetLoadedEditorAssemblies (1ms)
				RefreshPlugins (2ms)
				BeforeProcessingInitializeOnLoad (102ms)
				ProcessInitializeOnLoadAttributes (325ms)
				ProcessInitializeOnLoadMethodAttributes (49ms)
				AfterProcessingInitializeOnLoad (12ms)
				EditorAssembliesLoaded (0ms)
			ExecutionOrderSort2 (0ms)
			AwakeInstancesAfterBackupRestoration (10ms)
Platform modules already initialized, skipping
Refreshing native plugins compatible for Editor in 19.89 ms, found 3 plugins.
Preloading 0 native plugins for Editor in 0.00 ms.
Unloading 3381 Unused Serialized files (Serialized files now loaded: 0)
Unloading 20 unused Assets / (80.2 KB). Loaded Objects now: 3918.
Memory consumption went from 134.9 MB to 134.8 MB.
Total: 25.833900 ms (FindLiveObjects: 1.602100 ms CreateObjectMapping: 0.843300 ms MarkObjects: 22.311600 ms  DeleteObjects: 1.068600 ms)

AssetImportParameters requested are different than current active one (requested -> active):
  custom:video-decoder-ogg-theora: a1e56fd34408186e4bbccfd4996cb3dc -> 
  custom:container-muxer-webm: aa71ff27fc2769a1b78a27578f13a17b -> 
  custom:container-demuxer-webm: 4f35f7cbe854078d1ac9338744f61a02 -> 
  custom:video-encoder-webm-vp8: eb34c28f22e8b96e1ab97ce403110664 -> 
  custom:video-codec-MediaFoundation-h265: 746d11721c4dcdbdad8f713fa42b33f4 -> 
  custom:audio-encoder-webm-vorbis: bf7c407c2cedff20999df2af8eb42d56 -> 
  custom:framework-win-MediaFoundation: 216162199b28c13a410421893ffa2e32 -> 
  custom:container-demuxer-ogg: 62fdf1f143b41e24485cea50d1cbac27 -> 
  custom:video-decoder-webm-vp8: 9c59270c3fd7afecdb556c50c9e8de78 -> 
  custom:audio-decoder-ogg-vorbis: bf7c407c2cedff20999df2af8eb42d56 -> 
========================================================================
Received Import Request.
  Time since last request: 1787.383628 seconds.
  path: Assets/G_36_Demo/Prefabs/Explosives/Materials/AP_SmokeGrey.png
  artifactKey: Guid(8086b8cd08cd8534a83bcbf5a10bc488) Importer(815301076,1909f56bfc062723c751e8b465ee728b)
Start importing Assets/G_36_Demo/Prefabs/Explosives/Materials/AP_SmokeGrey.png using Guid(8086b8cd08cd8534a83bcbf5a10bc488) Importer(815301076,1909f56bfc062723c751e8b465ee728b)  -> (artifact id: '37c060cfa46523bcd9276c5d1f05213b') in 0.084501 seconds 
========================================================================
Received Import Request.
  Time since last request: 0.000030 seconds.
  path: Assets/G_36_Demo/Prefabs/Explosives/Materials/Rock_Simple.prefab
  artifactKey: Guid(aea1869b4e41a8744a64df2fe7436b3d) Importer(815301076,1909f56bfc062723c751e8b465ee728b)
Start importing Assets/G_36_Demo/Prefabs/Explosives/Materials/Rock_Simple.prefab using Guid(aea1869b4e41a8744a64df2fe7436b3d) Importer(815301076,1909f56bfc062723c751e8b465ee728b)  -> (artifact id: '9a82f52ab87a0e226125d130bd63790b') in 0.176857 seconds 
========================================================================
Received Import Request.
  Time since last request: 0.000048 seconds.
  path: Assets/G_36_Demo/Prefabs/Explosives/Materials/APSmokeAdd.mat
  artifactKey: Guid(28496773b2382fc49a9c0b7882b04891) Importer(815301076,1909f56bfc062723c751e8b465ee728b)
Start importing Assets/G_36_Demo/Prefabs/Explosives/Materials/APSmokeAdd.mat using Guid(28496773b2382fc49a9c0b7882b04891) Importer(815301076,1909f56bfc062723c751e8b465ee728b)  -> (artifact id: '3604fa03cfffa1b4981cb045cafa800f') in 0.063097 seconds 
========================================================================
Received Import Request.
  Time since last request: 0.000045 seconds.
  path: Assets/G_36_Demo/Prefabs/Explosives/Materials/RockyCliff.jpg
  artifactKey: Guid(509c3aa15a59bd742831815f3760af19) Importer(815301076,1909f56bfc062723c751e8b465ee728b)
Start importing Assets/G_36_Demo/Prefabs/Explosives/Materials/RockyCliff.jpg using Guid(509c3aa15a59bd742831815f3760af19) Importer(815301076,1909f56bfc062723c751e8b465ee728b)  -> (artifact id: '74f4e140a31d947ae21b299cd8a84064') in 0.030642 seconds 
========================================================================
Received Import Request.
  Time since last request: 0.000034 seconds.
  path: Assets/G_36_Demo/Prefabs/Explosives/Materials/Smoke_Alpha.png
  artifactKey: Guid(9f52d4d7b275c254a8d7128d5b5b0c57) Importer(815301076,1909f56bfc062723c751e8b465ee728b)
Start importing Assets/G_36_Demo/Prefabs/Explosives/Materials/Smoke_Alpha.png using Guid(9f52d4d7b275c254a8d7128d5b5b0c57) Importer(815301076,1909f56bfc062723c751e8b465ee728b)  -> (artifact id: 'b04284f640929c53e6a1e3487d52381e') in 0.037264 seconds 
========================================================================
Received Import Request.
  Time since last request: 0.000034 seconds.
  path: Assets/G_36_Demo/Prefabs/Explosives/Materials/RockMat.mat
  artifactKey: Guid(cf4f69e7e135880489074885bae27688) Importer(815301076,1909f56bfc062723c751e8b465ee728b)
Start importing Assets/G_36_Demo/Prefabs/Explosives/Materials/RockMat.mat using Guid(cf4f69e7e135880489074885bae27688) Importer(815301076,1909f56bfc062723c751e8b465ee728b)  -> (artifact id: '5cd8cdcf86924f36343d129104c34c0c') in 0.229423 seconds 
========================================================================
Received Import Request.
  Time since last request: 0.000029 seconds.
  path: Assets/G_36_Demo/Prefabs/Explosives/Materials/Rock_FX.mat
  artifactKey: Guid(767dc4da4db085141be254ff2d8d3ecc) Importer(815301076,1909f56bfc062723c751e8b465ee728b)
Start importing Assets/G_36_Demo/Prefabs/Explosives/Materials/Rock_FX.mat using Guid(767dc4da4db085141be254ff2d8d3ecc) Importer(815301076,1909f56bfc062723c751e8b465ee728b)  -> (artifact id: 'ba61ff6b6aa14f54d4d514bbde76804a') in 0.024097 seconds 
========================================================================
Received Import Request.
  Time since last request: 0.000055 seconds.
  path: Assets/G_36_Demo/Prefabs/Explosives/Materials/AP_Spark.png
  artifactKey: Guid(80607172066030641985d5db29ab6df1) Importer(815301076,1909f56bfc062723c751e8b465ee728b)
Start importing Assets/G_36_Demo/Prefabs/Explosives/Materials/AP_Spark.png using Guid(80607172066030641985d5db29ab6df1) Importer(815301076,1909f56bfc062723c751e8b465ee728b)  -> (artifact id: '0d89dc9a01b4e0e5cc16dc33ec68d9dc') in 0.025924 seconds 
========================================================================
Received Import Request.
  Time since last request: 0.000027 seconds.
  path: Assets/G_36_Demo/Prefabs/Explosives/Materials/SmokeMAlpha.mat
  artifactKey: Guid(0ce3f0dd51e14674eb11ff6b71a75785) Importer(815301076,1909f56bfc062723c751e8b465ee728b)
Start importing Assets/G_36_Demo/Prefabs/Explosives/Materials/SmokeMAlpha.mat using Guid(0ce3f0dd51e14674eb11ff6b71a75785) Importer(815301076,1909f56bfc062723c751e8b465ee728b)  -> (artifact id: 'e957b66620c4c4c8d5b843d9e93e2823') in 0.039850 seconds 
========================================================================
Received Import Request.
  Time since last request: 0.000031 seconds.
  path: Assets/G_36_Demo/Prefabs/Explosives/Materials/FireLight.prefab
  artifactKey: Guid(43e59eac572e9c343b204ca698fe110b) Importer(815301076,1909f56bfc062723c751e8b465ee728b)
Start importing Assets/G_36_Demo/Prefabs/Explosives/Materials/FireLight.prefab using Guid(43e59eac572e9c343b204ca698fe110b) Importer(815301076,1909f56bfc062723c751e8b465ee728b)  -> (artifact id: '6ad60e20268368e7c8e923f837602328') in 0.016067 seconds 
========================================================================
Received Import Request.
  Time since last request: 2.317612 seconds.
  path: Assets/G_36_Demo/Prefabs/Explosives/MortarRounds/CraterShallow_Small.prefab
  artifactKey: Guid(7477d5c792f52464f8f28c3e3fcf5753) Importer(815301076,1909f56bfc062723c751e8b465ee728b)
Start importing Assets/G_36_Demo/Prefabs/Explosives/MortarRounds/CraterShallow_Small.prefab using Guid(7477d5c792f52464f8f28c3e3fcf5753) Importer(815301076,1909f56bfc062723c751e8b465ee728b)  -> (artifact id: '1314a91f149272c37c8409dcbb7afab7') in 0.220208 seconds 
========================================================================
Received Import Request.
  Time since last request: 2.844125 seconds.
  path: Assets/G_36_Demo/Prefabs/Explosives/ParticleFX/CannonGreySmoke.mat
  artifactKey: Guid(9210d596bbe2b914aa920c5f4e46644f) Importer(815301076,1909f56bfc062723c751e8b465ee728b)
Start importing Assets/G_36_Demo/Prefabs/Explosives/ParticleFX/CannonGreySmoke.mat using Guid(9210d596bbe2b914aa920c5f4e46644f) Importer(815301076,1909f56bfc062723c751e8b465ee728b)  -> (artifact id: 'b411887426191d6ca0d9fa9aebcfc413') in 0.032605 seconds 
========================================================================
Received Import Request.
  Time since last request: 0.000050 seconds.
  path: Assets/G_36_Demo/Prefabs/Explosives/ParticleFX/Mortar_MuzzleBlast_Small_FX.prefab
  artifactKey: Guid(8b3701d1e2ef5ac45877d292a7022636) Importer(815301076,1909f56bfc062723c751e8b465ee728b)
Start importing Assets/G_36_Demo/Prefabs/Explosives/ParticleFX/Mortar_MuzzleBlast_Small_FX.prefab using Guid(8b3701d1e2ef5ac45877d292a7022636) Importer(815301076,1909f56bfc062723c751e8b465ee728b)  -> (artifact id: '016e36266c4e54d96f03894a69316068') in 0.034339 seconds 
========================================================================
Received Import Request.
  Time since last request: 0.000071 seconds.
  path: Assets/G_36_Demo/Prefabs/Explosives/ParticleFX/ParticleFX_Light.prefab
  artifactKey: Guid(c5acb13d395399e4bbead5e82b8c1d99) Importer(815301076,1909f56bfc062723c751e8b465ee728b)
Start importing Assets/G_36_Demo/Prefabs/Explosives/ParticleFX/ParticleFX_Light.prefab using Guid(c5acb13d395399e4bbead5e82b8c1d99) Importer(815301076,1909f56bfc062723c751e8b465ee728b)  -> (artifact id: '4abce80b9bb9951645b418ab6bbd79f9') in 0.014449 seconds 
========================================================================
Received Import Request.
  Time since last request: 1.362760 seconds.
  path: Assets/G_36_Demo/Prefabs/Explosives/Prefabs_Explosive/Explosion_50mm_NoCrater.prefab
  artifactKey: Guid(ae70d10507a661c4e853ca0940510a3f) Importer(815301076,1909f56bfc062723c751e8b465ee728b)
Start importing Assets/G_36_Demo/Prefabs/Explosives/Prefabs_Explosive/Explosion_50mm_NoCrater.prefab using Guid(ae70d10507a661c4e853ca0940510a3f) Importer(815301076,1909f56bfc062723c751e8b465ee728b)  -> (artifact id: '8fb706827bcdf109b315fd535c8e7f44') in 0.028727 seconds 
========================================================================
Received Prepare
Registering precompiled user dll's ...
Registered in 0.007768 seconds.
Begin MonoManager ReloadAssembly
Symbol file LoadedFromMemory doesn't match image C:\Users\renat\UnityProjects\mortar-simulation\MortarSimulation\Library\PackageCache\com.unity.visualscripting@1.7.8\Editor\VisualScripting.Core\Dependencies\YamlDotNet\Unity.VisualScripting.YamlDotNet.dll
Symbol file LoadedFromMemory doesn't match image C:\Users\renat\UnityProjects\mortar-simulation\MortarSimulation\Library\PackageCache\com.unity.visualscripting@1.7.8\Editor\VisualScripting.Core\Dependencies\DotNetZip\Unity.VisualScripting.IonicZip.dll
Native extension for WindowsStandalone target not found
Native extension for WebGL target not found
Refreshing native plugins compatible for Editor in 0.86 ms, found 3 plugins.
Preloading 0 native plugins for Editor in 0.00 ms.
Mono: successfully reloaded assembly
- Completed reload, in  1.461 seconds
Domain Reload Profiling:
	ReloadAssembly (1462ms)
		BeginReloadAssembly (237ms)
			ExecutionOrderSort (0ms)
			DisableScriptedObjects (5ms)
			BackupInstance (0ms)
			ReleaseScriptingObjects (0ms)
			CreateAndSetChildDomain (74ms)
		EndReloadAssembly (1081ms)
			LoadAssemblies (169ms)
			RebuildTransferFunctionScriptingTraits (0ms)
			SetupTypeCache (358ms)
			ReleaseScriptCaches (2ms)
			RebuildScriptCaches (55ms)
			SetupLoadedEditorAssemblies (473ms)
				LogAssemblyErrors (0ms)
				InitializePlatformSupportModulesInManaged (23ms)
				SetLoadedEditorAssemblies (1ms)
				RefreshPlugins (1ms)
				BeforeProcessingInitializeOnLoad (96ms)
				ProcessInitializeOnLoadAttributes (305ms)
				ProcessInitializeOnLoadMethodAttributes (38ms)
				AfterProcessingInitializeOnLoad (10ms)
				EditorAssembliesLoaded (0ms)
			ExecutionOrderSort2 (0ms)
			AwakeInstancesAfterBackupRestoration (8ms)
Platform modules already initialized, skipping
Refreshing native plugins compatible for Editor in 3.61 ms, found 3 plugins.
Preloading 0 native plugins for Editor in 0.00 ms.
Unloading 3381 Unused Serialized files (Serialized files now loaded: 0)
Unloading 20 unused Assets / (80.5 KB). Loaded Objects now: 3922.
Memory consumption went from 135.0 MB to 134.9 MB.
Total: 6.170000 ms (FindLiveObjects: 0.612400 ms CreateObjectMapping: 0.398600 ms MarkObjects: 4.912500 ms  DeleteObjects: 0.245000 ms)

AssetImportParameters requested are different than current active one (requested -> active):
  custom:video-decoder-ogg-theora: a1e56fd34408186e4bbccfd4996cb3dc -> 
  custom:container-muxer-webm: aa71ff27fc2769a1b78a27578f13a17b -> 
  custom:container-demuxer-webm: 4f35f7cbe854078d1ac9338744f61a02 -> 
  custom:video-encoder-webm-vp8: eb34c28f22e8b96e1ab97ce403110664 -> 
  custom:video-codec-MediaFoundation-h265: 746d11721c4dcdbdad8f713fa42b33f4 -> 
  custom:audio-encoder-webm-vorbis: bf7c407c2cedff20999df2af8eb42d56 -> 
  custom:framework-win-MediaFoundation: 216162199b28c13a410421893ffa2e32 -> 
  custom:container-demuxer-ogg: 62fdf1f143b41e24485cea50d1cbac27 -> 
  custom:video-decoder-webm-vp8: 9c59270c3fd7afecdb556c50c9e8de78 -> 
  custom:audio-decoder-ogg-vorbis: bf7c407c2cedff20999df2af8eb42d56 -> 
========================================================================
Received Prepare
Registering precompiled user dll's ...
Registered in 0.006758 seconds.
Begin MonoManager ReloadAssembly
Symbol file LoadedFromMemory doesn't match image C:\Users\renat\UnityProjects\mortar-simulation\MortarSimulation\Library\PackageCache\com.unity.visualscripting@1.7.8\Editor\VisualScripting.Core\Dependencies\YamlDotNet\Unity.VisualScripting.YamlDotNet.dll
Symbol file LoadedFromMemory doesn't match image C:\Users\renat\UnityProjects\mortar-simulation\MortarSimulation\Library\PackageCache\com.unity.visualscripting@1.7.8\Editor\VisualScripting.Core\Dependencies\DotNetZip\Unity.VisualScripting.IonicZip.dll
Native extension for WindowsStandalone target not found
Native extension for WebGL target not found
Refreshing native plugins compatible for Editor in 1.55 ms, found 3 plugins.
Preloading 0 native plugins for Editor in 0.00 ms.
Mono: successfully reloaded assembly
- Completed reload, in  1.335 seconds
Domain Reload Profiling:
	ReloadAssembly (1336ms)
		BeginReloadAssembly (155ms)
			ExecutionOrderSort (0ms)
			DisableScriptedObjects (5ms)
			BackupInstance (0ms)
			ReleaseScriptingObjects (0ms)
			CreateAndSetChildDomain (39ms)
		EndReloadAssembly (1074ms)
			LoadAssemblies (107ms)
			RebuildTransferFunctionScriptingTraits (0ms)
			SetupTypeCache (368ms)
			ReleaseScriptCaches (3ms)
			RebuildScriptCaches (67ms)
			SetupLoadedEditorAssemblies (465ms)
				LogAssemblyErrors (0ms)
				InitializePlatformSupportModulesInManaged (20ms)
				SetLoadedEditorAssemblies (1ms)
				RefreshPlugins (2ms)
				BeforeProcessingInitializeOnLoad (92ms)
				ProcessInitializeOnLoadAttributes (298ms)
				ProcessInitializeOnLoadMethodAttributes (40ms)
				AfterProcessingInitializeOnLoad (12ms)
				EditorAssembliesLoaded (0ms)
			ExecutionOrderSort2 (0ms)
			AwakeInstancesAfterBackupRestoration (8ms)
Platform modules already initialized, skipping
Refreshing native plugins compatible for Editor in 3.42 ms, found 3 plugins.
Preloading 0 native plugins for Editor in 0.00 ms.
Unloading 3381 Unused Serialized files (Serialized files now loaded: 0)
Unloading 20 unused Assets / (80.5 KB). Loaded Objects now: 3925.
Memory consumption went from 135.0 MB to 134.9 MB.
Total: 5.002200 ms (FindLiveObjects: 1.060100 ms CreateObjectMapping: 0.203900 ms MarkObjects: 3.359500 ms  DeleteObjects: 0.375300 ms)

AssetImportParameters requested are different than current active one (requested -> active):
  custom:video-decoder-ogg-theora: a1e56fd34408186e4bbccfd4996cb3dc -> 
  custom:container-muxer-webm: aa71ff27fc2769a1b78a27578f13a17b -> 
  custom:container-demuxer-webm: 4f35f7cbe854078d1ac9338744f61a02 -> 
  custom:video-encoder-webm-vp8: eb34c28f22e8b96e1ab97ce403110664 -> 
  custom:video-codec-MediaFoundation-h265: 746d11721c4dcdbdad8f713fa42b33f4 -> 
  custom:audio-encoder-webm-vorbis: bf7c407c2cedff20999df2af8eb42d56 -> 
  custom:framework-win-MediaFoundation: 216162199b28c13a410421893ffa2e32 -> 
  custom:container-demuxer-ogg: 62fdf1f143b41e24485cea50d1cbac27 -> 
  custom:video-decoder-webm-vp8: 9c59270c3fd7afecdb556c50c9e8de78 -> 
  custom:audio-decoder-ogg-vorbis: bf7c407c2cedff20999df2af8eb42d56 -> 
